<html>
<body>
<pre>
<h1>µVision Build Log</h1>
<h2>Tool Versions:</h2>
IDE-Version: µVision V5.25.2.0
Copyright (C) 2018 ARM Ltd and ARM Germany GmbH. All rights reserved.
License Information: Khuong Huynh, HCMUT, LIC=----
 
Tool Versions:
Toolchain:       MDK-Lite  Version: 5.25.2.0
Toolchain Path:  C:\Keil_v5\ARM\ARMCC\Bin
C Compiler:      Armcc.exe V5.06 update 6 (build 750)
Assembler:       Armasm.exe V5.06 update 6 (build 750)
Linker/Locator:  ArmLink.exe V5.06 update 6 (build 750)
Library Manager: ArmAr.exe V5.06 update 6 (build 750)
Hex Converter:   FromElf.exe V5.06 update 6 (build 750)
CPU DLL:         SARMCM3.DLL V5.25.2.0
Dialog DLL:      DCM.DLL V1.17.1.0
Target DLL:      STLink\ST-LINKIII-KEIL_SWO.dll V3.0.1.0
Dialog DLL:      TCM.DLL V1.35.1.0
 
<h2>Project:</h2>
D:\Keil_v5\Projects\STM32_From_Scratch\STM32_From_Scratch.uvprojx
Project File Date:  10/15/2022

<h2>Output:</h2>
*** Using Compiler 'V5.06 update 6 (build 750)', folder: 'C:\Keil_v5\ARM\ARMCC\Bin'
Rebuild target 'Target 1'
compiling SPI_serv.c...
.\Users\Init_Drive\SPI_def.h(6): error:  #169: expected a declaration
  <<<<<<< HEAD
.\Users\Init_Drive\SPI_def.h(11): warning:  #9-D: nested comment is not allowed
  /*
.\Users\Init_Drive\SPI_def.h(31): warning:  #12-D: parsing restarts here after previous syntax error
  }Baudrate_mapping;
.\Users\Init_Drive\SPI_def.h(34): error:  #169: expected a declaration
  <<<<<<< HEAD
.\Users\Init_Drive\SPI_def.h(43): warning:  #12-D: parsing restarts here after previous syntax error
  }SPI_Data_buffer;
.\Users\Init_Drive\SPI_def.h(46): error:  #169: expected a declaration
  >>>>>>> master
.\Users\Init_Drive\SPI.h(46): warning:  #12-D: parsing restarts here after previous syntax error
  SPI_LIST(SPI_configuration_DECL)
Users\Service\SPI_serv.c(16): error:  #20: identifier "SPI_hardware_conf" is undefined
  void SPI_Write(const SPI_hardware_conf SPI_index, uint8_t* data_u8_array, uint8_t data_length_u8){
KB: Unexpected type: 0
error type>(36): error:  #20: identifier "SPI_typdef" is undefined
    SPI_typdef* const SPI_conf = SPI_hardware_conf[SPI_index].SPI; 
Users\Service\SPI_serv.c(36): error:  #29: expected an expression
    SPI_typdef* const SPI_conf = SPI_hardware_conf[SPI_index].SPI; 
Users\Service\SPI_serv.c(37): error:  #20: identifier "SPI_Data_buffer" is undefined
    SPI_Data_buffer* const data_container_str = SPI_hardware_conf[SPI_index].SPI_data_containter_str; 
Users\Service\SPI_serv.c(37): error:  #29: expected an expression
    SPI_Data_buffer* const data_container_str = SPI_hardware_conf[SPI_index].SPI_data_containter_str; 
Users\Service\SPI_serv.c(39): error:  #20: identifier "data_container_str" is undefined
    data_container_str.transmitt_buffer = data_u8_array;
Users\Service\SPI_serv.c(46): error:  #20: identifier "SPI_conf" is undefined
    SPI_conf->CR1 |= SPI_CR1_SPE;
Users\Service\SPI_serv.c: 4 warnings, 10 errors
compiling main.c...
.\Users\Init_Drive\SPI_def.h(6): error:  #169: expected a declaration
  <<<<<<< HEAD
.\Users\Init_Drive\SPI_def.h(11): warning:  #9-D: nested comment is not allowed
  /*
.\Users\Init_Drive\SPI_def.h(31): warning:  #12-D: parsing restarts here after previous syntax error
  }Baudrate_mapping;
.\Users\Init_Drive\SPI_def.h(34): error:  #169: expected a declaration
  <<<<<<< HEAD
.\Users\Init_Drive\SPI_def.h(43): warning:  #12-D: parsing restarts here after previous syntax error
  }SPI_Data_buffer;
.\Users\Init_Drive\SPI_def.h(46): error:  #169: expected a declaration
  >>>>>>> master
.\Users\Init_Drive\SPI.h(46): warning:  #12-D: parsing restarts here after previous syntax error
  SPI_LIST(SPI_configuration_DECL)
Users\Src\main.c(38): warning:  #111-D: statement is unreachable
    return 0;
Users\Src\main.c(27): warning:  #177-D: variable "inputpin_u8"  was declared but never referenced
    uint8_t inputpin_u8 = 0; 
Users\Src\main.c(28): warning:  #177-D: variable "output_state"  was declared but never referenced
  	uint8_t output_state = 0;
Users\Src\main.c: 7 warnings, 3 errors
compiling sys_tick_serv.c...
Users\Service\sys_tick_serv.c(10): warning:  #177-D: function "set_Systick"  was declared but never referenced
  static void set_Systick(uint32_t set_val_u32){
Users\Service\sys_tick_serv.c(6): warning:  #177-D: function "get_Systick"  was declared but never referenced
  static uint32_t get_Systick(void){
Users\Service\sys_tick_serv.c: 2 warnings, 0 errors
compiling GPIO_ctrl.c...
compiling system_timer.c...
compiling UART_serv.c...
compiling UART.c...
Users\Init_Drive\UART.c(45): warning:  #2795-D: concatenation with "APB2ENR" in macro "UART_Configuration"  does not create a valid token
  UART_LIST_CONFIGURE(UART_Configuration)
Users\Init_Drive\UART.c: 1 warning, 0 errors
compiling SPI.c...
Users\Init_Drive\SPI_def.h(6): error:  #169: expected a declaration
  <<<<<<< HEAD
Users\Init_Drive\SPI_def.h(11): warning:  #9-D: nested comment is not allowed
  /*
Users\Init_Drive\SPI_def.h(31): warning:  #12-D: parsing restarts here after previous syntax error
  }Baudrate_mapping;
Users\Init_Drive\SPI_def.h(34): error:  #169: expected a declaration
  <<<<<<< HEAD
Users\Init_Drive\SPI_def.h(43): warning:  #12-D: parsing restarts here after previous syntax error
  }SPI_Data_buffer;
Users\Init_Drive\SPI_def.h(46): error:  #169: expected a declaration
  >>>>>>> master
Users\Init_Drive\SPI.h(46): warning:  #12-D: parsing restarts here after previous syntax error
  SPI_LIST(SPI_configuration_DECL)
Users\Init_Drive\SPI.c(48): error:  #20: identifier "DIV_16" is undefined
  SPI_LIST(SPI_configuration)
Users\Init_Drive\SPI.c: 4 warnings, 4 errors
compiling GPIO.c...
compiling SPI_cfg.c...
Users\Init_Drive\SPI\SPI_def.h(38): error:  #40: expected an identifier
    SPI1 = 0,
Users\Init_Drive\SPI\SPI_def.h(39): error:  #40: expected an identifier
    SPI2 = 1,
Users\Init_Drive\SPI\SPI_def.h(44): error:  #65: expected a ";"
  extern SPI_LL_conf_st SPI_hardware_conf[MAX_SPI];
Users\Init_Drive\SPI\SPI_cfg.c: 0 warnings, 3 errors
compiling GPIO_def.c...
compiling GPIO_irq_pc.c...
compiling sys_tick_irq.c...
compiling GPIO_irq.c...
assembling startup_stm32f10x_md.s...
compiling SPI_irq.c...
.\Users\Init_Drive\SPI_def.h(6): error:  #169: expected a declaration
  <<<<<<< HEAD
.\Users\Init_Drive\SPI_def.h(11): warning:  #9-D: nested comment is not allowed
  /*
.\Users\Init_Drive\SPI_def.h(31): warning:  #12-D: parsing restarts here after previous syntax error
  }Baudrate_mapping;
.\Users\Init_Drive\SPI_def.h(34): error:  #169: expected a declaration
  <<<<<<< HEAD
.\Users\Init_Drive\SPI_def.h(43): warning:  #12-D: parsing restarts here after previous syntax error
  }SPI_Data_buffer;
.\Users\Init_Drive\SPI_def.h(46): error:  #169: expected a declaration
  >>>>>>> master
.\Users\Init_Drive\SPI.h(46): warning:  #12-D: parsing restarts here after previous syntax error
  SPI_LIST(SPI_configuration_DECL)
Users\Interrupt_Handle\SPI_irq.c: 4 warnings, 3 errors
compiling SPI_irq_pc.c...
.\Users\Init_Drive\SPI_def.h(6): error:  #169: expected a declaration
  <<<<<<< HEAD
.\Users\Init_Drive\SPI_def.h(11): warning:  #9-D: nested comment is not allowed
  /*
.\Users\Init_Drive\SPI_def.h(31): warning:  #12-D: parsing restarts here after previous syntax error
  }Baudrate_mapping;
.\Users\Init_Drive\SPI_def.h(34): error:  #169: expected a declaration
  <<<<<<< HEAD
.\Users\Init_Drive\SPI_def.h(43): warning:  #12-D: parsing restarts here after previous syntax error
  }SPI_Data_buffer;
.\Users\Init_Drive\SPI_def.h(46): error:  #169: expected a declaration
  >>>>>>> master
.\Users\Init_Drive\SPI.h(46): warning:  #12-D: parsing restarts here after previous syntax error
  SPI_LIST(SPI_configuration_DECL)
Users\Interrupt_Handle\SPI_irq_pc.c(4): error:  #20: identifier "SPI_Data_buffer" is undefined
  SPI_Data_buffer SPI1_data_container_str = {NULL, NULL, 0,0,0,0}; 
Users\Interrupt_Handle\SPI_irq_pc.c(4): error:  #20: identifier "NULL" is undefined
  SPI_Data_buffer SPI1_data_container_str = {NULL, NULL, 0,0,0,0}; 
Users\Interrupt_Handle\SPI_irq_pc.c(5): error:  #20: identifier "SPI_Data_buffer" is undefined
  SPI_Data_buffer SPI2_data_container_str = {NULL, NULL, 0,0,0,0}; 
Users\Interrupt_Handle\SPI_irq_pc.c(49): warning:  #1-D: last line of file ends without a newline
  SPI_LIST(SPI_Communication_Handler) //Handle interrupt for defined SPI peripherals
Users\Interrupt_Handle\SPI_irq_pc.c(49): warning:  #223-D: function "SPI1_TXE_interrupt" declared implicitly
  SPI_LIST(SPI_Communication_Handler) //Handle interrupt for defined SPI peripherals
Users\Interrupt_Handle\SPI_irq_pc.c(49): warning:  #550-D: variable "isRxInterrupt_u8"  was set but never used
  SPI_LIST(SPI_Communication_Handler) //Handle interrupt for defined SPI peripherals
Users\Interrupt_Handle\SPI_irq_pc.c(49): warning:  #159-D: declaration is incompatible with previous "SPI1_TXE_interrupt"  (declared at line 49)
  SPI_LIST(SPI_Communication_Handler) //Handle interrupt for defined SPI peripherals
Users\Interrupt_Handle\SPI_irq_pc.c(49): error:  #20: identifier "SPI1data_container_str" is undefined
  SPI_LIST(SPI_Communication_Handler) //Handle interrupt for defined SPI peripherals
Users\Interrupt_Handle\SPI_irq_pc.c(49): warning:  #223-D: function "SPI1_cplt_Transmitt" declared implicitly
  SPI_LIST(SPI_Communication_Handler) //Handle interrupt for defined SPI peripherals
Users\Interrupt_Handle\SPI_irq_pc.c(49): warning:  #177-D: function "SPI1_TXE_interrupt"  was declared but never referenced
  SPI_LIST(SPI_Communication_Handler) //Handle interrupt for defined SPI peripherals
Users\Interrupt_Handle\SPI_irq_pc.c: 10 warnings, 7 errors
compiling UART_irq.c...
compiling UART_irq_pc.c...
compiling system_stm32f10x.c...
".\Objects\STM32_From_Scratch.axf" - 30 Error(s), 32 Warning(s).

<h2>Software Packages used:</h2>

Package Vendor: ARM
                http://www.keil.com/pack/ARM.CMSIS.5.3.0.pack
                ARM.CMSIS.5.3.0
                CMSIS (Cortex Microcontroller Software Interface Standard)
   * Component: CORE Version: 5.1.1

Package Vendor: Keil
                http://www.keil.com/pack/Keil.STM32F1xx_DFP.2.4.0.pack
                Keil.STM32F1xx_DFP.2.4.0
                STMicroelectronics STM32F1 Series Device Support, Drivers and Examples
   * Component: Startup Version: 1.0.0

<h2>Collection of Component include folders:</h2>
  .\RTE\Device\STM32F103C8
  .\RTE\_Target_1
  C:\Keil_v5\ARM\PACK\ARM\CMSIS\5.3.0\CMSIS\Include
  C:\Keil_v5\ARM\PACK\Keil\STM32F1xx_DFP\2.4.0\Device\Include

<h2>Collection of Component Files used:</h2>

   * Component: ARM::CMSIS:CORE:5.1.1

   * Component: Keil::Device:Startup:1.0.0
      Include file:  RTE_Driver\Config\RTE_Device.h
      Source file:   Device\Source\ARM\STM32F1xx_OPT.s
      Source file:   Device\Source\ARM\startup_stm32f10x_md.s
      Source file:   Device\Source\system_stm32f10x.c
Target not created.
Build Time Elapsed:  00:00:04
</pre>
</body>
</html>
